<?xml version="1.0" encoding="UTF-8"?>
<testsuites tests="53" failures="0" errors="10" time="20.710419">
	<testsuite tests="16" failures="0" time="10.396000" name="github.com/sonic-net/sonic-gnmi/sonic_data_client" timestamp="2025-12-19T05:48:19Z">
		<properties>
			<property name="go.version" value="go1.19.8 linux/amd64"></property>
		</properties>
		<testcase classname="github.com/sonic-net/sonic-gnmi/sonic_data_client" name="TestJsonClientNegative" time="0.000000"></testcase>
		<testcase classname="github.com/sonic-net/sonic-gnmi/sonic_data_client" name="TestJsonClientNamespace" time="0.000000"></testcase>
		<testcase classname="github.com/sonic-net/sonic-gnmi/sonic_data_client" name="TestJsonAdd" time="0.000000"></testcase>
		<testcase classname="github.com/sonic-net/sonic-gnmi/sonic_data_client" name="TestJsonAddNegative" time="0.000000"></testcase>
		<testcase classname="github.com/sonic-net/sonic-gnmi/sonic_data_client" name="TestJsonReplace" time="0.000000"></testcase>
		<testcase classname="github.com/sonic-net/sonic-gnmi/sonic_data_client" name="TestJsonRemove" time="0.000000"></testcase>
		<testcase classname="github.com/sonic-net/sonic-gnmi/sonic_data_client" name="TestJsonRemoveNegative" time="0.000000"></testcase>
		<testcase classname="github.com/sonic-net/sonic-gnmi/sonic_data_client" name="TestParseDatabase" time="0.000000"></testcase>
		<testcase classname="github.com/sonic-net/sonic-gnmi/sonic_data_client" name="TestSubscribeInternal" time="0.000000"></testcase>
		<testcase classname="github.com/sonic-net/sonic-gnmi/sonic_data_client" name="TestNonDbClientGetError" time="0.000000"></testcase>
		<testcase classname="github.com/sonic-net/sonic-gnmi/sonic_data_client" name="TestZmqReconnect" time="2.200000"></testcase>
		<testcase classname="github.com/sonic-net/sonic-gnmi/sonic_data_client" name="TestRetryHelper" time="1.010000"></testcase>
		<testcase classname="github.com/sonic-net/sonic-gnmi/sonic_data_client" name="TestGetDpuAddress" time="0.000000"></testcase>
		<testcase classname="github.com/sonic-net/sonic-gnmi/sonic_data_client" name="TestGetZmqClient" time="0.020000"></testcase>
		<testcase classname="github.com/sonic-net/sonic-gnmi/sonic_data_client" name="TestDummyEventClient" time="2.000000"></testcase>
		<testcase classname="github.com/sonic-net/sonic-gnmi/sonic_data_client" name="TestNewEventClient" time="5.000000"></testcase>
	</testsuite>
	<testsuite tests="19" failures="0" time="0.025000" name="github.com/sonic-net/sonic-gnmi/sonic_db_config" timestamp="2025-12-19T05:48:19Z">
		<properties>
			<property name="go.version" value="go1.19.8 linux/amd64"></property>
		</properties>
		<testcase classname="github.com/sonic-net/sonic-gnmi/sonic_db_config" name="TestGetDb/Id" time="0.000000"></testcase>
		<testcase classname="github.com/sonic-net/sonic-gnmi/sonic_db_config" name="TestGetDb/Sock" time="0.000000"></testcase>
		<testcase classname="github.com/sonic-net/sonic-gnmi/sonic_db_config" name="TestGetDb/AllNamespaces" time="0.000000"></testcase>
		<testcase classname="github.com/sonic-net/sonic-gnmi/sonic_db_config" name="TestGetDb/TcpAddr" time="0.000000"></testcase>
		<testcase classname="github.com/sonic-net/sonic-gnmi/sonic_db_config" name="TestGetDb" time="0.000000"></testcase>
		<testcase classname="github.com/sonic-net/sonic-gnmi/sonic_db_config" name="TestGetDbMultiNs/Id" time="0.000000"></testcase>
		<testcase classname="github.com/sonic-net/sonic-gnmi/sonic_db_config" name="TestGetDbMultiNs/Sock" time="0.000000"></testcase>
		<testcase classname="github.com/sonic-net/sonic-gnmi/sonic_db_config" name="TestGetDbMultiNs/AllNamespaces" time="0.000000"></testcase>
		<testcase classname="github.com/sonic-net/sonic-gnmi/sonic_db_config" name="TestGetDbMultiNs/TcpAddr" time="0.000000"></testcase>
		<testcase classname="github.com/sonic-net/sonic-gnmi/sonic_db_config" name="TestGetDbMultiNs/AllAPI" time="0.000000"></testcase>
		<testcase classname="github.com/sonic-net/sonic-gnmi/sonic_db_config" name="TestGetDbMultiNs/AllAPIError" time="0.000000"></testcase>
		<testcase classname="github.com/sonic-net/sonic-gnmi/sonic_db_config" name="TestGetDbMultiNs" time="0.000000"></testcase>
		<testcase classname="github.com/sonic-net/sonic-gnmi/sonic_db_config" name="TestGetDbMultiInstance/Id" time="0.000000"></testcase>
		<testcase classname="github.com/sonic-net/sonic-gnmi/sonic_db_config" name="TestGetDbMultiInstance/Sock" time="0.000000"></testcase>
		<testcase classname="github.com/sonic-net/sonic-gnmi/sonic_db_config" name="TestGetDbMultiInstance/AllInstances" time="0.000000"></testcase>
		<testcase classname="github.com/sonic-net/sonic-gnmi/sonic_db_config" name="TestGetDbMultiInstance/TcpAddr" time="0.000000"></testcase>
		<testcase classname="github.com/sonic-net/sonic-gnmi/sonic_db_config" name="TestGetDbMultiInstance/AllAPI" time="0.000000"></testcase>
		<testcase classname="github.com/sonic-net/sonic-gnmi/sonic_db_config" name="TestGetDbMultiInstance/AllAPIError" time="0.000000"></testcase>
		<testcase classname="github.com/sonic-net/sonic-gnmi/sonic_db_config" name="TestGetDbMultiInstance" time="0.000000"></testcase>
	</testsuite>
	<testsuite tests="18" failures="0" time="19.382000" name="github.com/sonic-net/sonic-gnmi/telemetry" timestamp="2025-12-19T05:48:19Z">
		<properties>
			<property name="go.version" value="go1.19.8 linux/amd64"></property>
		</properties>
		<testcase classname="github.com/sonic-net/sonic-gnmi/telemetry" name="TestRunTelemetry" time="0.000000"></testcase>
		<testcase classname="github.com/sonic-net/sonic-gnmi/telemetry" name="TestFlags" time="0.000000"></testcase>
		<testcase classname="github.com/sonic-net/sonic-gnmi/telemetry" name="TestStartGNMIServer" time="0.100000"></testcase>
		<testcase classname="github.com/sonic-net/sonic-gnmi/telemetry" name="TestStartGNMIServerGracefulStop" time="0.200000"></testcase>
		<testcase classname="github.com/sonic-net/sonic-gnmi/telemetry" name="TestSHA512Checksum" time="1.620000"></testcase>
		<testcase classname="github.com/sonic-net/sonic-gnmi/telemetry" name="TestStartGNMIServerCACert" time="0.140000"></testcase>
		<testcase classname="github.com/sonic-net/sonic-gnmi/telemetry" name="TestStartGNMIServerCreateWatcherError" time="0.000000"></testcase>
		<testcase classname="github.com/sonic-net/sonic-gnmi/telemetry" name="TestStartGNMIServerSlowCerts" time="0.000000"></testcase>
		<testcase classname="github.com/sonic-net/sonic-gnmi/telemetry" name="TestStartGNMIServerSlowCACerts" time="0.000000"></testcase>
		<testcase classname="github.com/sonic-net/sonic-gnmi/telemetry" name="TestINotifyCertMonitoringRotation" time="1.720000"></testcase>
		<testcase classname="github.com/sonic-net/sonic-gnmi/telemetry" name="TestINotifyCertMonitoringDeletion" time="0.000000"></testcase>
		<testcase classname="github.com/sonic-net/sonic-gnmi/telemetry" name="TestINotifyCertMonitoringSlowWrites" time="2.460000"></testcase>
		<testcase classname="github.com/sonic-net/sonic-gnmi/telemetry" name="TestINotifyCertMonitoringMove" time="1.530000"></testcase>
		<testcase classname="github.com/sonic-net/sonic-gnmi/telemetry" name="TestINotifyCertMonitoringCopy" time="2.910000"></testcase>
		<testcase classname="github.com/sonic-net/sonic-gnmi/telemetry" name="TestINotifyCertMonitoringErrors" time="0.000000"></testcase>
		<testcase classname="github.com/sonic-net/sonic-gnmi/telemetry" name="TestINotifyCertMonitoringSymlinkRotation" time="5.040000"></testcase>
		<testcase classname="github.com/sonic-net/sonic-gnmi/telemetry" name="TestINotifyCertMonitoringCertValidationFails" time="3.510000"></testcase>
		<testcase classname="github.com/sonic-net/sonic-gnmi/telemetry" name="TestSignalHandler" time="0.000000"></testcase>
	</testsuite>
</testsuites>