<?xml version="1.0" encoding="UTF-8"?>
<testsuites tests="3" failures="1" errors="5" time="105.251198">
	<testsuite tests="3" failures="0" time="102.641000" name="github.com/sonic-net/sonic-gnmi/gnmi_server" timestamp="2025-12-19T17:29:46Z">
		<properties>
			<property name="go.version" value="go1.19.8 linux/amd64"></property>
		</properties>
		<testcase classname="" name="TestMain" time="0.000000">
			<failure message="Failed" type="">ERROR: logging before flag.Parse: W1219 17:29:49.446244   92677 util.go:314] [CVL] : Could not fetch &#39;platform&#39; details from CONFIG_DB&#xA;ERROR: logging before flag.Parse: I1219 17:29:49.457472   92677 util.go:312] [CVL] : Skipping parsing of any platform specific YIN schema files as platform name can&#39;t be determined&#xA;libyang[0]: Schema node not found. (path: /sonic-common)&#xA;ERROR: logging before flag.Parse: W1219 17:29:49.457621   92677 util.go:314] [CVL] : Unable to get schema details for sonic-common.yin&#xA;libyang[0]: Schema node not found. (path: /sonic-extension)&#xA;ERROR: logging before flag.Parse: W1219 17:29:49.457635   92677 util.go:314] [CVL] : Unable to get schema details for sonic-extension.yin&#xA;libyang[0]: Schema node not found. (path: /sonic-types)&#xA;ERROR: logging before flag.Parse: W1219 17:29:49.457741   92677 util.go:314] [CVL] : Unable to get schema details for sonic-types.yin&#xA;ERROR: logging before flag.Parse: I1219 17:29:49.459160   92677 db_lock.go:234] ConfigDBClearLock:&#xA;ERROR: logging before flag.Parse: W1219 17:29:49.459173   92677 db_redis_opts.go:164] _DBRedisOptsConfig:reconfigure: flags not parsed!&#xA;ERROR: logging before flag.Parse: I1219 17:29:49.459177   92677 db_redis_opts.go:174] _DBRedisOptsConfig:reconfigure: Handling signal.&#xA;ERROR: logging before flag.Parse: I1219 17:29:49.459725   92677 db_lock.go:134] unlock: Already Unlocked&#xA;ERROR: logging before flag.Parse: I1219 17:29:49.459746   92677 db_lock.go:242] ConfigDBClearLock: Lock Absent&#xA;ERROR: logging before flag.Parse: I1219 17:29:49.460311   92677 emitjson_select.go:68] Marker file /var/run/gnmi_server.test/use_ygot_emitjson not found (err = stat /var/run/gnmi_server.test/use_ygot_emitjson: no such file or directory). Will use internal EmitJSON&#xA;ERROR: logging before flag.Parse: I1219 17:29:49.511947   92677 xlate_utils.go:1384] [transformer.go:92]init.2 Yang model List: []&#xA;ERROR: logging before flag.Parse: I1219 17:29:49.511965   92677 xlate_utils.go:1384] [transformer.go:121]loadYangModules Couldn&#39;t load yang module /usr/models/yang/ due to lstat /usr/models/yang/: no such file or directory &#xA;ERROR: logging before flag.Parse: I1219 17:29:49.561323   92677 xspec.go:150] xspec init done ...&#xA;ERROR: logging before flag.Parse: I1219 17:29:49.561358   92677 app_interface.go:117] Registering for path =/openconfig-acl:acl&#xA;ERROR: logging before flag.Parse: I1219 17:29:49.561363   92677 app_interface.go:117] Registering for path =/sonic-&#xA;ERROR: logging before flag.Parse: I1219 17:29:49.561366   92677 app_interface.go:117] Registering for path =*&#xA;ERROR: logging before flag.Parse: W1219 17:29:49.561370   92677 common_app.go:75] Failure in fetching model capabilities data.&#xA;ERROR: logging before flag.Parse: I1219 17:29:49.561380   92677 lldp_app.go:62] Init called for LLDP modules module&#xA;ERROR: logging before flag.Parse: I1219 17:29:49.561399   92677 app_interface.go:117] Registering for path =/openconfig-lldp:lldp&#xA;ERROR: logging before flag.Parse: I1219 17:29:49.561405   92677 pfm_app.go:42] Init called for Platform module&#xA;ERROR: logging before flag.Parse: I1219 17:29:49.561409   92677 app_interface.go:117] Registering for path =/openconfig-platform:components&#xA;ERROR: logging before flag.Parse: I1219 17:29:49.561432   92677 sys_app.go:54] SysApp: Init called for System module&#xA;ERROR: logging before flag.Parse: I1219 17:29:49.561438   92677 app_interface.go:117] Registering for path =/openconfig-system:system&#xA;ERROR: logging before flag.Parse: E1219 17:29:49.561456   92677 version.go:141] Error loading version config file; err=open /usr/models/yang/version.xml: no such file or directory&#xA;ERROR: logging before flag.Parse: E1219 17:29:49.561462   92677 version.go:142] API VERSION CHECK IS DISABLED&#xA;ERROR: logging before flag.Parse: I1219 17:29:49.561466   92677 app_interface.go:117] Registering for path =/ietf-yang-library:modules-state&#xA;PASS&#xA;&#xA;=================================================================&#xA;==92677==ERROR: LeakSanitizer: detected memory leaks&#xA;&#xA;Direct leak of 1485 byte(s) in 41 object(s) allocated from:&#xA;    #0 0x78e918f099cf in __interceptor_malloc ../../../../src/libsanitizer/asan/asan_malloc_linux.cpp:69&#xA;    #1 0x11e1233 in _cgo_2937d75528c3_Cfunc__Cmalloc (/tmp/go-build2421351107/b001/gnmi_server.test+0x11e1233)&#xA;&#xA;Direct leak of 1024 byte(s) in 16 object(s) allocated from:&#xA;    #0 0x78e918f088d5 in __interceptor_realloc ../../../../src/libsanitizer/asan/asan_malloc_linux.cpp:85&#xA;    #1 0x78e918349fbb in ly_set_add src/tree_data.c:6785&#xA;&#xA;SUMMARY: AddressSanitizer: 2509 byte(s) leaked in 57 allocation(s).&#xA;panic: Detect memory leak!&#xA;&#xA;goroutine 1 [running]:&#xA;github.com/sonic-net/sonic-gnmi/test_utils.MemLeakCheck()&#xA;&#x9;/sonic/sonic-gnmi/test_utils/memcheck_enable.go:13 +0x5f&#xA;github.com/sonic-net/sonic-gnmi/gnmi_server.TestMain(0xffffffffffffffff?)&#xA;&#x9;/sonic/sonic-gnmi/gnmi_server/server_test.go:6066 +0x45&#xA;main.main()&#xA;&#x9;_testmain.go:257 +0x1d3&#xA;FAIL&#x9;github.com/sonic-net/sonic-gnmi/gnmi_server&#x9;102.641s&#xA;</failure>
		</testcase>
		<testcase classname="github.com/sonic-net/sonic-gnmi/gnmi_server" name="TestGNMINative" time="92.860000"></testcase>
		<testcase classname="github.com/sonic-net/sonic-gnmi/gnmi_server" name="TestGNMINativeMultiDB" time="6.330000"></testcase>
		<testcase classname="github.com/sonic-net/sonic-gnmi/gnmi_server" name="TestGNMINativeMultiNamespace" time="3.050000"></testcase>
	</testsuite>
</testsuites>