<?xml version="1.0" encoding="UTF-8"?>
<testsuites tests="19" failures="0" errors="0" time="19.004550">
	<testsuite tests="19" failures="0" time="0.025000" name="github.com/sonic-net/sonic-gnmi/sonic_db_config" timestamp="2025-12-19T07:03:25Z">
		<properties>
			<property name="go.version" value="go1.19.8 linux/amd64"></property>
		</properties>
		<testcase classname="github.com/sonic-net/sonic-gnmi/sonic_db_config" name="TestGetDb/Id" time="0.000000"></testcase>
		<testcase classname="github.com/sonic-net/sonic-gnmi/sonic_db_config" name="TestGetDb/Sock" time="0.000000"></testcase>
		<testcase classname="github.com/sonic-net/sonic-gnmi/sonic_db_config" name="TestGetDb/AllNamespaces" time="0.000000"></testcase>
		<testcase classname="github.com/sonic-net/sonic-gnmi/sonic_db_config" name="TestGetDb/TcpAddr" time="0.000000"></testcase>
		<testcase classname="github.com/sonic-net/sonic-gnmi/sonic_db_config" name="TestGetDb" time="0.000000"></testcase>
		<testcase classname="github.com/sonic-net/sonic-gnmi/sonic_db_config" name="TestGetDbMultiNs/Id" time="0.000000"></testcase>
		<testcase classname="github.com/sonic-net/sonic-gnmi/sonic_db_config" name="TestGetDbMultiNs/Sock" time="0.000000"></testcase>
		<testcase classname="github.com/sonic-net/sonic-gnmi/sonic_db_config" name="TestGetDbMultiNs/AllNamespaces" time="0.000000"></testcase>
		<testcase classname="github.com/sonic-net/sonic-gnmi/sonic_db_config" name="TestGetDbMultiNs/TcpAddr" time="0.000000"></testcase>
		<testcase classname="github.com/sonic-net/sonic-gnmi/sonic_db_config" name="TestGetDbMultiNs/AllAPI" time="0.000000"></testcase>
		<testcase classname="github.com/sonic-net/sonic-gnmi/sonic_db_config" name="TestGetDbMultiNs/AllAPIError" time="0.000000"></testcase>
		<testcase classname="github.com/sonic-net/sonic-gnmi/sonic_db_config" name="TestGetDbMultiNs" time="0.000000"></testcase>
		<testcase classname="github.com/sonic-net/sonic-gnmi/sonic_db_config" name="TestGetDbMultiInstance/Id" time="0.000000"></testcase>
		<testcase classname="github.com/sonic-net/sonic-gnmi/sonic_db_config" name="TestGetDbMultiInstance/Sock" time="0.000000"></testcase>
		<testcase classname="github.com/sonic-net/sonic-gnmi/sonic_db_config" name="TestGetDbMultiInstance/AllInstances" time="0.000000"></testcase>
		<testcase classname="github.com/sonic-net/sonic-gnmi/sonic_db_config" name="TestGetDbMultiInstance/TcpAddr" time="0.000000"></testcase>
		<testcase classname="github.com/sonic-net/sonic-gnmi/sonic_db_config" name="TestGetDbMultiInstance/AllAPI" time="0.000000"></testcase>
		<testcase classname="github.com/sonic-net/sonic-gnmi/sonic_db_config" name="TestGetDbMultiInstance/AllAPIError" time="0.000000"></testcase>
		<testcase classname="github.com/sonic-net/sonic-gnmi/sonic_db_config" name="TestGetDbMultiInstance" time="0.000000"></testcase>
	</testsuite>
</testsuites>